<?xml version="1.0" encoding="UTF-8"?>
<!-- Generated by org.testng.reporters.JUnitXMLReporter -->
<testsuite ignored="0" hostname="CHETUIWK2253" failures="0" tests="4" name="Surefire test" time="19.777" errors="0" timestamp="2024-06-05T16:23:21 IST">
  <testcase classname="org.example.test.cases.Login.LoginTestCase" name="loginTestCase" time="0.55"/>
  <testcase classname="org.example.test.cases.Staff.StaffTestCase" name="staffViewTestCase" time="3.272"/>
  <testcase classname="org.example.test.cases.Staff.StaffTestCase" name="staffEditTestCase" time="3.225"/>
  <testcase classname="org.example.test.cases.Staff.StaffTestCase" name="staffDeleteTestCase" time="1.295"/>
</testsuite> <!-- Surefire test -->
