<?xml version="1.0" encoding="UTF-8"?>
<testsuite xmlns:xsi="http://www.w3.org/2001/XMLSchema-instance" xsi:noNamespaceSchemaLocation="https://maven.apache.org/surefire/maven-surefire-plugin/xsd/surefire-test-report.xsd" name="TestSuite" time="20.279" tests="4" errors="0" skipped="0" failures="0">
  <properties>
[...]
</properties>
  <testcase name="loginTestCase" classname="org.example.test.cases.Login.LoginTestCase" time="0.552"/>
  <testcase name="staffViewTestCase" classname="org.example.test.cases.Staff.StaffTestCase" time="3.272"/>
  <testcase name="staffEditTestCase" classname="org.example.test.cases.Staff.StaffTestCase" time="3.224"/>
  <testcase name="staffDeleteTestCase" classname="org.example.test.cases.Staff.StaffTestCase" time="1.296"/>
</testsuite>